  Assignment_6.cpp
C:\Users\ssoni\Desktop\CSProjects\School\Year_4\CS_3388\Assignments\Assignment_6\PlaneMesh.hpp(157,13): warning C4244: 'initializing': conversion from 'float' to 'int', possible loss of data
  (compiling source file 'Assignment_6.cpp')
  
C:\Users\ssoni\Desktop\CSProjects\School\Year_4\CS_3388\Assignments\Assignment_6\PlaneMesh.hpp(175,16): warning C4244: '=': conversion from 'float' to 'int', possible loss of data
  (compiling source file 'Assignment_6.cpp')
  
C:\Users\ssoni\Desktop\CSProjects\School\Year_4\CS_3388\Assignments\Assignment_6\PlaneMesh.hpp(176,16): warning C4244: '=': conversion from 'float' to 'int', possible loss of data
  (compiling source file 'Assignment_6.cpp')
  
C:\Users\ssoni\Desktop\CSProjects\School\Year_4\CS_3388\Assignments\Assignment_6\Assignment_6.cpp(31,26): warning C4244: 'initializing': conversion from 'double' to 'float', possible loss of data
C:\Users\ssoni\Desktop\CSProjects\School\Year_4\CS_3388\Assignments\Assignment_6\Assignment_6.cpp(42,37): warning C4244: '-=': conversion from 'double' to 'float', possible loss of data
C:\Users\ssoni\Desktop\CSProjects\School\Year_4\CS_3388\Assignments\Assignment_6\Assignment_6.cpp(51,43): warning C4244: '=': conversion from 'double' to 'T', possible loss of data
C:\Users\ssoni\Desktop\CSProjects\School\Year_4\CS_3388\Assignments\Assignment_6\Assignment_6.cpp(51,43): warning C4244:         with
C:\Users\ssoni\Desktop\CSProjects\School\Year_4\CS_3388\Assignments\Assignment_6\Assignment_6.cpp(51,43): warning C4244:         [
C:\Users\ssoni\Desktop\CSProjects\School\Year_4\CS_3388\Assignments\Assignment_6\Assignment_6.cpp(51,43): warning C4244:             T=float
C:\Users\ssoni\Desktop\CSProjects\School\Year_4\CS_3388\Assignments\Assignment_6\Assignment_6.cpp(51,43): warning C4244:         ]
C:\Users\ssoni\Desktop\CSProjects\School\Year_4\CS_3388\Assignments\Assignment_6\Assignment_6.cpp(52,19): warning C4244: '=': conversion from 'double' to 'T', possible loss of data
C:\Users\ssoni\Desktop\CSProjects\School\Year_4\CS_3388\Assignments\Assignment_6\Assignment_6.cpp(52,19): warning C4244:         with
C:\Users\ssoni\Desktop\CSProjects\School\Year_4\CS_3388\Assignments\Assignment_6\Assignment_6.cpp(52,19): warning C4244:         [
C:\Users\ssoni\Desktop\CSProjects\School\Year_4\CS_3388\Assignments\Assignment_6\Assignment_6.cpp(52,19): warning C4244:             T=float
C:\Users\ssoni\Desktop\CSProjects\School\Year_4\CS_3388\Assignments\Assignment_6\Assignment_6.cpp(52,19): warning C4244:         ]
C:\Users\ssoni\Desktop\CSProjects\School\Year_4\CS_3388\Assignments\Assignment_6\Assignment_6.cpp(53,43): warning C4244: '=': conversion from 'double' to 'T', possible loss of data
C:\Users\ssoni\Desktop\CSProjects\School\Year_4\CS_3388\Assignments\Assignment_6\Assignment_6.cpp(53,43): warning C4244:         with
C:\Users\ssoni\Desktop\CSProjects\School\Year_4\CS_3388\Assignments\Assignment_6\Assignment_6.cpp(53,43): warning C4244:         [
C:\Users\ssoni\Desktop\CSProjects\School\Year_4\CS_3388\Assignments\Assignment_6\Assignment_6.cpp(53,43): warning C4244:             T=float
C:\Users\ssoni\Desktop\CSProjects\School\Year_4\CS_3388\Assignments\Assignment_6\Assignment_6.cpp(53,43): warning C4244:         ]
C:\Users\ssoni\Desktop\CSProjects\School\Year_4\CS_3388\Assignments\Assignment_6\Assignment_6.cpp(49,7): warning C4101: 'cameraFront': unreferenced local variable
C:\Users\ssoni\Desktop\CSProjects\School\Year_4\CS_3388\Assignments\Assignment_6\Assignment_6.cpp(357,13): warning C4101: 'exception': unreferenced local variable
C:\Users\ssoni\Desktop\CSProjects\School\Year_4\CS_3388\Assignments\Assignment_6\Assignment_6.cpp(390,22): warning C4018: '<': signed/unsigned mismatch
C:\Users\ssoni\Desktop\CSProjects\School\Year_4\CS_3388\Assignments\Assignment_6\Assignment_6.cpp(402,22): warning C4018: '<': signed/unsigned mismatch
C:\Users\ssoni\Desktop\CSProjects\School\Year_4\CS_3388\Assignments\Assignment_6\Assignment_6.cpp(568,17): warning C4244: '=': conversion from 'int' to 'float', possible loss of data
C:\Users\ssoni\Desktop\CSProjects\School\Year_4\CS_3388\Assignments\Assignment_6\Assignment_6.cpp(571,17): warning C4244: '=': conversion from 'int' to 'float', possible loss of data
C:\Users\ssoni\Desktop\CSProjects\School\Year_4\CS_3388\Assignments\Assignment_6\Assignment_6.cpp(574,18): warning C4244: '=': conversion from 'double' to 'float', possible loss of data
C:\Users\ssoni\Desktop\CSProjects\School\Year_4\CS_3388\Assignments\Assignment_6\Assignment_6.cpp(577,14): warning C4244: '=': conversion from 'double' to 'float', possible loss of data
C:\Users\ssoni\Desktop\CSProjects\School\Year_4\CS_3388\Assignments\Assignment_6\Assignment_6.cpp(580,14): warning C4244: '=': conversion from 'double' to 'float', possible loss of data
C:\Users\ssoni\Desktop\CSProjects\School\Year_4\CS_3388\Assignments\Assignment_6\Assignment_6.cpp(604,37): warning C4244: 'argument': conversion from 'float' to 'int', possible loss of data
C:\Users\ssoni\Desktop\CSProjects\School\Year_4\CS_3388\Assignments\Assignment_6\Assignment_6.cpp(604,28): warning C4244: 'argument': conversion from 'float' to 'int', possible loss of data
LINK : warning LNK4098: defaultlib 'MSVCRT' conflicts with use of other libs; use /NODEFAULTLIB:library
  Assignment_6.vcxproj -> C:\Users\ssoni\Desktop\CSProjects\School\Year_4\CS_3388\Assignments\Assignment_6\Debug\Assignment_6.exe
