


ARM Macro Assembler    Page 1 


    1 00000000                 AREA             StackTest1, CODE, READWRITE
    2 00000000         ;ENTRY
    3 00000000 E28FD038        ADR              sp,  STACK
    4 00000004 E59F1048        LDR              r1,  =0x11111111
    5 00000008 E59F2048        LDR              r2,  =0x22222222
    6 0000000C E59F3048        LDR              r3,  =0x33333333
    7 00000010 E59F4048        LDR              r4,  =0x44444444
    8 00000014 E92D0014        STMFD            sp!, {r2,r4}
    9 00000018 E3A010AA        MOV              r1,  #0xAA
   10 0000001C E3A020BB        MOV              r2,  #0xBB
   11 00000020 E3A030CC        MOV              r3,  #0xCC
   12 00000024 E3A040DD        MOV              r4,  #0xDD
   13 00000028 E9BD001A        LDMED            sp!, {r3, r1,r4}
   14 0000002C EAFFFFFE 
                       LOOP    B                LOOP
   15 00000030         
   16 00000030 00000000 
              00000000 
              00000000 
              00000000         DCD              0, 0, 0, 0
   17 00000040 FFFFFFFF 
                       STACK   DCD              0xFFFFFFFF
   18 00000044 00000000 
              00000000 
              00000000 
              00000000         DCD              0, 0, 0, 0
   19 00000054                 END
              11111111 
              22222222 
              33333333 
              44444444 
Command Line: --debug --xref --bi --apcs=interwork --depend=.\assembly_lab_6_1d
.d -o.\assembly_lab_6_1d.o -IC:\Keil\ARM\RV31\INC -IC:\Keil\ARM\CMSIS\Include -
-predefine="__EVAL SETA 1" --list=.\assembly_lab_6_1d.lst Assembly_Lab_6_1d.s



ARM Macro Assembler    Page 1 Alphabetic symbol ordering
Relocatable symbols

LOOP 0000002C

Symbol: LOOP
   Definitions
      At line 14 in file Assembly_Lab_6_1d.s
   Uses
      At line 14 in file Assembly_Lab_6_1d.s
Comment: LOOP used once
STACK 00000040

Symbol: STACK
   Definitions
      At line 17 in file Assembly_Lab_6_1d.s
   Uses
      At line 3 in file Assembly_Lab_6_1d.s
Comment: STACK used once
StackTest1 00000000

Symbol: StackTest1
   Definitions
      At line 1 in file Assembly_Lab_6_1d.s
   Uses
      None
Comment: StackTest1 unused
3 symbols
336 symbols in table
